Using pre-set license
Built from '2023.1/staging' branch; Version is '2023.1.11f1 (fbf46ad88f3d) revision 16512106'; Using compiler version '192829333'; Build Type 'Release'
OS: 'Windows 11  (10.0.26100) 64bit Core' Language: 'ko' Physical Memory: 16197 MB
BatchMode: 1, IsHumanControllingUs: 0, StartBugReporterOnCrash: 0, Is64bit: 1, IsPro: 1

COMMAND LINE ARGUMENTS:
C:\Program Files\Unity\Hub\Editor\2023.1.11f1\Editor\Unity.exe
-adb2
-batchMode
-noUpm
-name
AssetImportWorker0
-projectPath
C:/Users/hdhsg/Desktop/Git/Old-Boys/AFTER BOMB
-logFile
Logs/AssetImportWorker0.log
-srvPort
64775
Successfully changed project path to: C:/Users/hdhsg/Desktop/Git/Old-Boys/AFTER BOMB
C:/Users/hdhsg/Desktop/Git/Old-Boys/AFTER BOMB
[UnityMemory] Configuration Parameters - Can be set up in boot.config
    "memorysetup-bucket-allocator-granularity=16"
    "memorysetup-bucket-allocator-bucket-count=8"
    "memorysetup-bucket-allocator-block-size=33554432"
    "memorysetup-bucket-allocator-block-count=8"
    "memorysetup-main-allocator-block-size=16777216"
    "memorysetup-thread-allocator-block-size=16777216"
    "memorysetup-gfx-main-allocator-block-size=16777216"
    "memorysetup-gfx-thread-allocator-block-size=16777216"
    "memorysetup-cache-allocator-block-size=4194304"
    "memorysetup-typetree-allocator-block-size=2097152"
    "memorysetup-profiler-bucket-allocator-granularity=16"
    "memorysetup-profiler-bucket-allocator-bucket-count=8"
    "memorysetup-profiler-bucket-allocator-block-size=33554432"
    "memorysetup-profiler-bucket-allocator-block-count=8"
    "memorysetup-profiler-allocator-block-size=16777216"
    "memorysetup-profiler-editor-allocator-block-size=1048576"
    "memorysetup-temp-allocator-size-main=16777216"
    "memorysetup-job-temp-allocator-block-size=2097152"
    "memorysetup-job-temp-allocator-block-size-background=1048576"
    "memorysetup-job-temp-allocator-reduction-small-platforms=262144"
    "memorysetup-allocator-temp-initial-block-size-main=262144"
    "memorysetup-allocator-temp-initial-block-size-worker=262144"
    "memorysetup-temp-allocator-size-background-worker=32768"
    "memorysetup-temp-allocator-size-job-worker=262144"
    "memorysetup-temp-allocator-size-preload-manager=33554432"
    "memorysetup-temp-allocator-size-nav-mesh-worker=65536"
    "memorysetup-temp-allocator-size-audio-worker=65536"
    "memorysetup-temp-allocator-size-cloud-worker=32768"
    "memorysetup-temp-allocator-size-gi-baking-worker=262144"
    "memorysetup-temp-allocator-size-gfx=262144"
Player connection [14016] Host "[IP] 192.168.219.107 [Port] 0 [Flags] 2 [Guid] 1489072352 [EditorId] 1489072352 [Version] 1048832 [Id] WindowsEditor(7,DESKTOP-TNLNVPP) [Debug] 1 [PackageName] WindowsEditor [ProjectName] Editor" joined multi-casting on [225.0.0.222:54997]...

Player connection [14016] Host "[IP] 192.168.219.107 [Port] 0 [Flags] 2 [Guid] 1489072352 [EditorId] 1489072352 [Version] 1048832 [Id] WindowsEditor(7,DESKTOP-TNLNVPP) [Debug] 1 [PackageName] WindowsEditor [ProjectName] Editor" joined alternative multi-casting on [225.0.0.222:34997]...

[Physics::Module] Initialized MultithreadedJobDispatcher with 19 workers.
Library Redirect Path: Library/Refreshing native plugins compatible for Editor in 561.34 ms, found 3 plugins.
Preloading 0 native plugins for Editor in 0.00 ms.
Initialize engine version: 2023.1.11f1 (fbf46ad88f3d)
[Subsystems] Discovering subsystems at path C:/Program Files/Unity/Hub/Editor/2023.1.11f1/Editor/Data/Resources/UnitySubsystems
[Subsystems] Discovering subsystems at path C:/Users/hdhsg/Desktop/Git/Old-Boys/AFTER BOMB/Assets
GfxDevice: creating device client; threaded=0; jobified=0
Direct3D:
    Version:  Direct3D 11.0 [level 11.1]
    Renderer: NVIDIA GeForce RTX 4070 (ID=0x2786)
    Vendor:   NVIDIA
    VRAM:     12012 MB
    Driver:   32.0.15.6094
Initialize mono
Mono path[0] = 'C:/Program Files/Unity/Hub/Editor/2023.1.11f1/Editor/Data/Managed'
Mono path[1] = 'C:/Program Files/Unity/Hub/Editor/2023.1.11f1/Editor/Data/MonoBleedingEdge/lib/mono/unityjit-win32'
Mono config path = 'C:/Program Files/Unity/Hub/Editor/2023.1.11f1/Editor/Data/MonoBleedingEdge/etc'
Using monoOptions --debugger-agent=transport=dt_socket,embedding=1,server=y,suspend=n,address=127.0.0.1:56416
Begin MonoManager ReloadAssembly
C:\build\output\Unity-Technologies\mono\mono\metadata\icall.c:1842:
C:\build\output\Unity-Technologies\mono\mono\metadata\icall.c:1842:
C:\build\output\Unity-Technologies\mono\mono\metadata\icall.c:1842:
C:\build\output\Unity-Technologies\mono\mono\metadata\icall.c:1842:
C:\build\output\Unity-Technologies\mono\mono\metadata\icall.c:1842:
C:\build\output\Unity-Technologies\mono\mono\metadata\icall.c:1842:
C:\build\output\Unity-Technologies\mono\mono\metadata\icall.c:1842:
C:\build\output\Unity-Technologies\mono\mono\metadata\icall.c:1842:
C:\build\output\Unity-Technologies\mono\mono\metadata\icall.c:1842:
C:\build\output\Unity-Technologies\mono\mono\metadata\icall.c:1842:
Registering precompiled unity dll's ...
Register platform support module: C:/Program Files/Unity/Hub/Editor/2023.1.11f1/Editor/Data/PlaybackEngines/WindowsStandaloneSupport/UnityEditor.WindowsStandalone.Extensions.dll
Registered in 0.001470 seconds.
- Loaded All Assemblies, in  0.317 seconds
Native extension for WindowsStandalone target not found
Mono: successfully reloaded assembly
C:\build\output\Unity-Technologies\mono\mono\metadata\icall.c:1842:
C:\build\output\Unity-Technologies\mono\mono\metadata\icall.c:1842:
- Finished resetting the current domain, in  0.218 seconds
Domain Reload Profiling: 534ms
	BeginReloadAssembly (124ms)
		ExecutionOrderSort (0ms)
		DisableScriptedObjects (0ms)
		BackupInstance (0ms)
		ReleaseScriptingObjects (0ms)
		CreateAndSetChildDomain (1ms)
	RebuildCommonClasses (25ms)
	RebuildNativeTypeToScriptingClass (8ms)
	initialDomainReloadingComplete (40ms)
	LoadAllAssembliesAndSetupDomain (119ms)
		LoadAssemblies (123ms)
		RebuildTransferFunctionScriptingTraits (0ms)
		AnalyzeDomain (114ms)
			TypeCache.Refresh (113ms)
				TypeCache.ScanAssembly (102ms)
			ScanForSourceGeneratedMonoScriptInfo (0ms)
			ResolveRequiredComponents (0ms)
	FinalizeReload (219ms)
		ReleaseScriptCaches (0ms)
		RebuildScriptCaches (0ms)
		SetupLoadedEditorAssemblies (184ms)
			LogAssemblyErrors (0ms)
			InitializePlatformSupportModulesInManaged (6ms)
			SetLoadedEditorAssemblies (4ms)
			BeforeProcessingInitializeOnLoad (5ms)
			ProcessInitializeOnLoadAttributes (133ms)
			ProcessInitializeOnLoadMethodAttributes (36ms)
			AfterProcessingInitializeOnLoad (0ms)
			EditorAssembliesLoaded (0ms)
		ExecutionOrderSort2 (0ms)
		AwakeInstancesAfterBackupRestoration (0ms)
========================================================================
Worker process is ready to serve import requests
Import Worker Mode flag is 0x00
Begin MonoManager ReloadAssembly
C:\build\output\Unity-Technologies\mono\mono\metadata\icall.c:1842:
C:\build\output\Unity-Technologies\mono\mono\metadata\icall.c:1842:
C:\build\output\Unity-Technologies\mono\mono\metadata\icall.c:1842:
C:\build\output\Unity-Technologies\mono\mono\metadata\icall.c:1842:
C:\build\output\Unity-Technologies\mono\mono\metadata\icall.c:1842:
C:\build\output\Unity-Technologies\mono\mono\metadata\icall.c:1842:
C:\build\output\Unity-Technologies\mono\mono\metadata\icall.c:1842:
C:\build\output\Unity-Technologies\mono\mono\metadata\icall.c:1842:
C:\build\output\Unity-Technologies\mono\mono\metadata\icall.c:1842:
C:\build\output\Unity-Technologies\mono\mono\metadata\icall.c:1842:
C:\build\output\Unity-Technologies\mono\mono\metadata\icall.c:1842:
C:\build\output\Unity-Technologies\mono\mono\metadata\icall.c:1842:
Symbol file LoadedFromMemory doesn't match image C:\Users\hdhsg\Desktop\Git\Old-Boys\AFTER BOMB\Library\PackageCache\com.unity.visualscripting@1.8.0\Editor\VisualScripting.Core\Dependencies\YamlDotNet\Unity.VisualScripting.YamlDotNet.dll
Symbol file LoadedFromMemory doesn't match image C:\Users\hdhsg\Desktop\Git\Old-Boys\AFTER BOMB\Library\PackageCache\com.unity.visualscripting@1.8.0\Editor\VisualScripting.Core\Dependencies\DotNetZip\Unity.VisualScripting.IonicZip.dll
- Loaded All Assemblies, in  3.333 seconds
Refreshing native plugins compatible for Editor in 2.01 ms, found 3 plugins.
Native extension for WindowsStandalone target not found
Mono: successfully reloaded assembly
- Finished resetting the current domain, in  0.492 seconds
Domain Reload Profiling: 3825ms
	BeginReloadAssembly (227ms)
		ExecutionOrderSort (0ms)
		DisableScriptedObjects (4ms)
		BackupInstance (0ms)
		ReleaseScriptingObjects (0ms)
		CreateAndSetChildDomain (23ms)
	RebuildCommonClasses (25ms)
	RebuildNativeTypeToScriptingClass (8ms)
	initialDomainReloadingComplete (29ms)
	LoadAllAssembliesAndSetupDomain (3044ms)
		LoadAssemblies (2850ms)
		RebuildTransferFunctionScriptingTraits (0ms)
		AnalyzeDomain (266ms)
			TypeCache.Refresh (240ms)
				TypeCache.ScanAssembly (230ms)
			ScanForSourceGeneratedMonoScriptInfo (16ms)
			ResolveRequiredComponents (9ms)
	FinalizeReload (493ms)
		ReleaseScriptCaches (0ms)
		RebuildScriptCaches (0ms)
		SetupLoadedEditorAssemblies (347ms)
			LogAssemblyErrors (0ms)
			InitializePlatformSupportModulesInManaged (4ms)
			SetLoadedEditorAssemblies (3ms)
			BeforeProcessingInitializeOnLoad (57ms)
			ProcessInitializeOnLoadAttributes (262ms)
			ProcessInitializeOnLoadMethodAttributes (19ms)
			AfterProcessingInitializeOnLoad (2ms)
			EditorAssembliesLoaded (0ms)
		ExecutionOrderSort2 (0ms)
		AwakeInstancesAfterBackupRestoration (5ms)
Launched and connected shader compiler UnityShaderCompiler.exe after 0.01 seconds
Refreshing native plugins compatible for Editor in 2.02 ms, found 3 plugins.
Preloading 0 native plugins for Editor in 0.00 ms.
Unloading 5487 Unused Serialized files (Serialized files now loaded: 0)
Unloading 106 unused Assets / (3.4 MB). Loaded Objects now: 6002.
Memory consumption went from 229.5 MB to 226.1 MB.
Total: 6.791100 ms (FindLiveObjects: 0.318600 ms CreateObjectMapping: 0.214400 ms MarkObjects: 5.158800 ms  DeleteObjects: 1.098400 ms)

AssetImportParameters requested are different than current active one (requested -> active):
  custom:video-decoder-webm-vp8: 9c59270c3fd7afecdb556c50c9e8de78 -> 
  custom:audio-encoder-webm-vorbis: bf7c407c2cedff20999df2af8eb42d56 -> 
  custom:AudioImporter_EditorPlatform: d09bf68614088b80899f8185d706f6e7 -> 
  custom:audio-decoder-ogg-vorbis: bf7c407c2cedff20999df2af8eb42d56 -> 
  custom:video-encoder-webm-vp8: eb34c28f22e8b96e1ab97ce403110664 -> 
  custom:container-demuxer-ogg: 62fdf1f143b41e24485cea50d1cbac27 -> 
  custom:framework-win-MediaFoundation: 216162199b28c13a410421893ffa2e32 -> 
  custom:video-decoder-ogg-theora: a1e56fd34408186e4bbccfd4996cb3dc -> 
  custom:container-muxer-webm: aa71ff27fc2769a1b78a27578f13a17b -> 
  custom:video-codec-MediaFoundation-h265: 746d11721c4dcdbdad8f713fa42b33f4 -> 
  custom:container-demuxer-webm: 4f35f7cbe854078d1ac9338744f61a02 -> 
========================================================================
Received Prepare
Begin MonoManager ReloadAssembly
C:\build\output\Unity-Technologies\mono\mono\metadata\icall.c:1842:
C:\build\output\Unity-Technologies\mono\mono\metadata\icall.c:1842:
C:\build\output\Unity-Technologies\mono\mono\metadata\icall.c:1842:
C:\build\output\Unity-Technologies\mono\mono\metadata\icall.c:1842:
C:\build\output\Unity-Technologies\mono\mono\metadata\icall.c:1842:
C:\build\output\Unity-Technologies\mono\mono\metadata\icall.c:1842:
C:\build\output\Unity-Technologies\mono\mono\metadata\icall.c:1842:
C:\build\output\Unity-Technologies\mono\mono\metadata\icall.c:1842:
C:\build\output\Unity-Technologies\mono\mono\metadata\icall.c:1842:
C:\build\output\Unity-Technologies\mono\mono\metadata\icall.c:1842:
C:\build\output\Unity-Technologies\mono\mono\metadata\icall.c:1842:
C:\build\output\Unity-Technologies\mono\mono\metadata\icall.c:1842:
Symbol file LoadedFromMemory doesn't match image C:\Users\hdhsg\Desktop\Git\Old-Boys\AFTER BOMB\Library\PackageCache\com.unity.visualscripting@1.8.0\Editor\VisualScripting.Core\Dependencies\YamlDotNet\Unity.VisualScripting.YamlDotNet.dll
Symbol file LoadedFromMemory doesn't match image C:\Users\hdhsg\Desktop\Git\Old-Boys\AFTER BOMB\Library\PackageCache\com.unity.visualscripting@1.8.0\Editor\VisualScripting.Core\Dependencies\DotNetZip\Unity.VisualScripting.IonicZip.dll
- Loaded All Assemblies, in  0.668 seconds
Refreshing native plugins compatible for Editor in 1.58 ms, found 3 plugins.
Native extension for WindowsStandalone target not found
Mono: successfully reloaded assembly
- Finished resetting the current domain, in  1.348 seconds
Domain Reload Profiling: 2015ms
	BeginReloadAssembly (146ms)
		ExecutionOrderSort (0ms)
		DisableScriptedObjects (4ms)
		BackupInstance (0ms)
		ReleaseScriptingObjects (0ms)
		CreateAndSetChildDomain (42ms)
	RebuildCommonClasses (26ms)
	RebuildNativeTypeToScriptingClass (9ms)
	initialDomainReloadingComplete (21ms)
	LoadAllAssembliesAndSetupDomain (464ms)
		LoadAssemblies (273ms)
		RebuildTransferFunctionScriptingTraits (0ms)
		AnalyzeDomain (260ms)
			TypeCache.Refresh (253ms)
				TypeCache.ScanAssembly (242ms)
			ScanForSourceGeneratedMonoScriptInfo (0ms)
			ResolveRequiredComponents (7ms)
	FinalizeReload (1349ms)
		ReleaseScriptCaches (0ms)
		RebuildScriptCaches (0ms)
		SetupLoadedEditorAssemblies (356ms)
			LogAssemblyErrors (0ms)
			InitializePlatformSupportModulesInManaged (4ms)
			SetLoadedEditorAssemblies (2ms)
			BeforeProcessingInitializeOnLoad (61ms)
			ProcessInitializeOnLoadAttributes (268ms)
			ProcessInitializeOnLoadMethodAttributes (18ms)
			AfterProcessingInitializeOnLoad (2ms)
			EditorAssembliesLoaded (0ms)
		ExecutionOrderSort2 (0ms)
		AwakeInstancesAfterBackupRestoration (5ms)
Refreshing native plugins compatible for Editor in 2.18 ms, found 3 plugins.
Preloading 0 native plugins for Editor in 0.00 ms.
Unloading 5338 Unused Serialized files (Serialized files now loaded: 0)
Unloading 65 unused Assets / (3.4 MB). Loaded Objects now: 6015.
Memory consumption went from 194.8 MB to 191.4 MB.
Total: 7.918000 ms (FindLiveObjects: 0.361300 ms CreateObjectMapping: 0.201100 ms MarkObjects: 6.326300 ms  DeleteObjects: 1.026800 ms)

Prepare: number of updated asset objects reloaded= 0
AssetImportParameters requested are different than current active one (requested -> active):
  custom:video-decoder-webm-vp8: 9c59270c3fd7afecdb556c50c9e8de78 -> 
  custom:SearchIndexIgnoredProperties: e643bd26f0fe6173181afceb89e7c659 -> 
  custom:audio-encoder-webm-vorbis: bf7c407c2cedff20999df2af8eb42d56 -> 
  custom:AudioImporter_EditorPlatform: d09bf68614088b80899f8185d706f6e7 -> 
  custom:audio-decoder-ogg-vorbis: bf7c407c2cedff20999df2af8eb42d56 -> 
  custom:video-encoder-webm-vp8: eb34c28f22e8b96e1ab97ce403110664 -> 
  custom:container-demuxer-ogg: 62fdf1f143b41e24485cea50d1cbac27 -> 
  custom:framework-win-MediaFoundation: 216162199b28c13a410421893ffa2e32 -> 
  custom:video-decoder-ogg-theora: a1e56fd34408186e4bbccfd4996cb3dc -> 
  custom:container-muxer-webm: aa71ff27fc2769a1b78a27578f13a17b -> 
  custom:video-codec-MediaFoundation-h265: 746d11721c4dcdbdad8f713fa42b33f4 -> 
  custom:CustomObjectIndexerAttribute: d54d2f2da18e7612c182cf67624b6b12 -> 
  custom:container-demuxer-webm: 4f35f7cbe854078d1ac9338744f61a02 -> 
========================================================================
Received Import Request.
  Time since last request: 5983.178220 seconds.
  path: Assets/Scenes/MainGame.unity
  artifactKey: Guid(c0d944ca9defd20449bc336e50d75a08) Importer(815301076,1909f56bfc062723c751e8b465ee728b)
Start importing Assets/Scenes/MainGame.unity using Guid(c0d944ca9defd20449bc336e50d75a08) Importer(815301076,1909f56bfc062723c751e8b465ee728b)  -> (artifact id: '365d595952cb42e77b4693392c35dbf7') in 0.014832 seconds
Number of updated asset objects reloaded before import = 0
Number of asset objects unloaded after import = 0
========================================================================
Received Import Request.
  Time since last request: 2344.177994 seconds.
  path: Assets/Anime
  artifactKey: Guid(41dea28db3760fd41858bcd9c3b59cb6) Importer(815301076,1909f56bfc062723c751e8b465ee728b)
Start importing Assets/Anime using Guid(41dea28db3760fd41858bcd9c3b59cb6) Importer(815301076,1909f56bfc062723c751e8b465ee728b)  -> (artifact id: 'bd8236dc7b6d3f4d79819b66d1497965') in 0.001131 seconds
Number of updated asset objects reloaded before import = 0
Number of asset objects unloaded after import = 0
========================================================================
Received Import Request.
  Time since last request: 8.915354 seconds.
  path: Assets/Anime/Enemy
  artifactKey: Guid(ae6fc44cfbfb5e644ad0fcb9c966ee2e) Importer(815301076,1909f56bfc062723c751e8b465ee728b)
Start importing Assets/Anime/Enemy using Guid(ae6fc44cfbfb5e644ad0fcb9c966ee2e) Importer(815301076,1909f56bfc062723c751e8b465ee728b)  -> (artifact id: '76813caec1d40eff4999b2fb2b33b88e') in 0.000584 seconds
Number of updated asset objects reloaded before import = 0
Number of asset objects unloaded after import = 0
========================================================================
Received Import Request.
  Time since last request: 7.514014 seconds.
  path: Assets/Anime/Enemy/Ch36_nonPBR@Rifle Walk (1).fbx
  artifactKey: Guid(c7dc2ea65b47f5e4b905473ddf784322) Importer(815301076,1909f56bfc062723c751e8b465ee728b)
Start importing Assets/Anime/Enemy/Ch36_nonPBR@Rifle Walk (1).fbx using Guid(c7dc2ea65b47f5e4b905473ddf784322) Importer(815301076,1909f56bfc062723c751e8b465ee728b)  -> (artifact id: '443fe9575c2ff5820b88e89904a92df0') in 0.044378 seconds
Number of updated asset objects reloaded before import = 0
Number of asset objects unloaded after import = 135
========================================================================
Received Import Request.
  Time since last request: 18.017959 seconds.
  path: Assets/Anime/Enemy/Firing Rifle.fbx
  artifactKey: Guid(7bdb7c26229c30c4794fa249cf6da200) Importer(815301076,1909f56bfc062723c751e8b465ee728b)
Start importing Assets/Anime/Enemy/Firing Rifle.fbx using Guid(7bdb7c26229c30c4794fa249cf6da200) Importer(815301076,1909f56bfc062723c751e8b465ee728b)  -> (artifact id: '4a440623206e1790e3c109d912e8140e') in 0.216028 seconds
Number of updated asset objects reloaded before import = 0
Number of asset objects unloaded after import = 142
========================================================================
Received Import Request.
  Time since last request: 363.674463 seconds.
  path: Assets/Asset/Map/Flooded_Grounds/Content/Meshes/mAtmospherics/ATM_HaloRing.fbx
  artifactKey: Guid(8cc47016f547a024692210de2e4869cf) Importer(815301076,1909f56bfc062723c751e8b465ee728b)
Start importing Assets/Asset/Map/Flooded_Grounds/Content/Meshes/mAtmospherics/ATM_HaloRing.fbx using Guid(8cc47016f547a024692210de2e4869cf) Importer(815301076,1909f56bfc062723c751e8b465ee728b)  -> (artifact id: '05faf70f4e81f3b49f329f8ecfbd93f3') in 0.092348 seconds
Number of updated asset objects reloaded before import = 0
Number of asset objects unloaded after import = 9
========================================================================
Received Import Request.
  Time since last request: 0.000031 seconds.
  path: Assets/Asset/FirstPersonHands/FirstPersonHandsWithGloves/Models/firstPersonHandsWithGloves.FBX
  artifactKey: Guid(9a09eb847edac17489e288d04b1ad971) Importer(815301076,1909f56bfc062723c751e8b465ee728b)
Start importing Assets/Asset/FirstPersonHands/FirstPersonHandsWithGloves/Models/firstPersonHandsWithGloves.FBX using Guid(9a09eb847edac17489e288d04b1ad971) Importer(815301076,1909f56bfc062723c751e8b465ee728b)  -> (artifact id: '0e440eaefb4cff106df66fe6a77db012') in 0.070115 seconds
Number of updated asset objects reloaded before import = 0
Number of asset objects unloaded after import = 47
========================================================================
Received Import Request.
  Time since last request: 0.000024 seconds.
  path: Assets/Asset/FirstPersonHands/FemaleArms/FemaleArms.FBX
  artifactKey: Guid(db960b3c3b8c89d45939b35982f0dd12) Importer(815301076,1909f56bfc062723c751e8b465ee728b)
Start importing Assets/Asset/FirstPersonHands/FemaleArms/FemaleArms.FBX using Guid(db960b3c3b8c89d45939b35982f0dd12) Importer(815301076,1909f56bfc062723c751e8b465ee728b)  -> (artifact id: 'ec174746dd8033a87379d9a02c77f436') in 0.048045 seconds
Number of updated asset objects reloaded before import = 0
Number of asset objects unloaded after import = 47
========================================================================
Received Import Request.
  Time since last request: 0.907397 seconds.
  path: Assets/Asset/FirstPersonHands/Gloves/ScifiGloves1/Meshes/Glove_GameMesh_NoKnuckle_rigged.FBX
  artifactKey: Guid(d5bfb36852010524c829d0b80d76d3dc) Importer(815301076,1909f56bfc062723c751e8b465ee728b)
Start importing Assets/Asset/FirstPersonHands/Gloves/ScifiGloves1/Meshes/Glove_GameMesh_NoKnuckle_rigged.FBX using Guid(d5bfb36852010524c829d0b80d76d3dc) Importer(815301076,1909f56bfc062723c751e8b465ee728b)  -> (artifact id: '24364e59c9722d156c5713e6cceb7840') in 0.029972 seconds
Number of updated asset objects reloaded before import = 0
Number of asset objects unloaded after import = 47
========================================================================
Received Import Request.
  Time since last request: 7.495387 seconds.
  path: Assets/Enemy/Model/Enemy.prefab
  artifactKey: Guid(50833a6ed351f6849a11af8fb508fed3) Importer(815301076,1909f56bfc062723c751e8b465ee728b)
Start importing Assets/Enemy/Model/Enemy.prefab using Guid(50833a6ed351f6849a11af8fb508fed3) Importer(815301076,1909f56bfc062723c751e8b465ee728b)  -> (artifact id: '97b1398a928a5e77c5bbafbc38fa8bb7') in 0.164463 seconds
Number of updated asset objects reloaded before import = 0
Number of asset objects unloaded after import = 308
========================================================================
Received Import Request.
  Time since last request: 145.559515 seconds.
  path: Assets/Asset/M4A1_PBR/M4A1_PBR.fbx
  artifactKey: Guid(bb17bb05ddca39941ae82f6297532e62) Importer(815301076,1909f56bfc062723c751e8b465ee728b)
Start importing Assets/Asset/M4A1_PBR/M4A1_PBR.fbx using Guid(bb17bb05ddca39941ae82f6297532e62) Importer(815301076,1909f56bfc062723c751e8b465ee728b)  -> (artifact id: '5a00b50c3a438a5abc6e0042ed0567c3') in 0.296262 seconds
Number of updated asset objects reloaded before import = 0
Number of asset objects unloaded after import = 122
========================================================================
Received Import Request.
  Time since last request: 1518.617885 seconds.
  path: Assets/Enemy/Model/Ch18_nonPBR@Walk Forward.fbx
  artifactKey: Guid(42d902fc354369d43a2ef44238b2685c) Importer(815301076,1909f56bfc062723c751e8b465ee728b)
Start importing Assets/Enemy/Model/Ch18_nonPBR@Walk Forward.fbx using Guid(42d902fc354369d43a2ef44238b2685c) Importer(815301076,1909f56bfc062723c751e8b465ee728b)  -> (artifact id: 'ae7991fb550fad661d44bf31254daed4') in 0.005610 seconds
Number of updated asset objects reloaded before import = 0
Number of asset objects unloaded after import = 135
========================================================================
Received Import Request.
  Time since last request: 0.000021 seconds.
  path: Assets/Enemy/Model/Enemy.prefab
  artifactKey: Guid(50833a6ed351f6849a11af8fb508fed3) Importer(815301076,1909f56bfc062723c751e8b465ee728b)
Start importing Assets/Enemy/Model/Enemy.prefab using Guid(50833a6ed351f6849a11af8fb508fed3) Importer(815301076,1909f56bfc062723c751e8b465ee728b)  -> (artifact id: '0acdc4146646d28a219a71941cb30c8f') in 0.029650 seconds
Number of updated asset objects reloaded before import = 0
Number of asset objects unloaded after import = 308
========================================================================
Received Import Request.
  Time since last request: 69.574925 seconds.
  path: Assets/Enemy/Sprite/All_LOW_Mask_Height.1032.png
  artifactKey: Guid(62043e98946e7fe44a8ea6b3159854ef) Importer(815301076,1909f56bfc062723c751e8b465ee728b)
Start importing Assets/Enemy/Sprite/All_LOW_Mask_Height.1032.png using Guid(62043e98946e7fe44a8ea6b3159854ef) Importer(815301076,1909f56bfc062723c751e8b465ee728b)  -> (artifact id: '047126bacd05c25d89a23409ffad228c') in 0.052860 seconds
Number of updated asset objects reloaded before import = 0
Number of asset objects unloaded after import = 2
========================================================================
Received Import Request.
  Time since last request: 0.000019 seconds.
  path: Assets/Enemy/Sprite/All_LOW_Mask_Metallic.1032.png
  artifactKey: Guid(6060eb89f0e7ffc45a460d722049b13f) Importer(815301076,1909f56bfc062723c751e8b465ee728b)
Start importing Assets/Enemy/Sprite/All_LOW_Mask_Metallic.1032.png using Guid(6060eb89f0e7ffc45a460d722049b13f) Importer(815301076,1909f56bfc062723c751e8b465ee728b)  -> (artifact id: '912c12b2bee71da4f85161925f16999b') in 0.027523 seconds
Number of updated asset objects reloaded before import = 0
Number of asset objects unloaded after import = 2
========================================================================
Received Import Request.
  Time since last request: 0.000031 seconds.
  path: Assets/Enemy/Sprite/All_LOW_MaskStrap_Normal.1026.png
  artifactKey: Guid(a96b7565b89a677448ab56515d5ab153) Importer(815301076,1909f56bfc062723c751e8b465ee728b)
Start importing Assets/Enemy/Sprite/All_LOW_MaskStrap_Normal.1026.png using Guid(a96b7565b89a677448ab56515d5ab153) Importer(815301076,1909f56bfc062723c751e8b465ee728b)  -> (artifact id: 'bd0ec472f55d9f9886828e1a53686fd4') in 0.032930 seconds
Number of updated asset objects reloaded before import = 0
Number of asset objects unloaded after import = 2
========================================================================
Received Import Request.
  Time since last request: 0.000015 seconds.
  path: Assets/Enemy/Sprite/All_LOW_MaskStrap_Roughness.1026.png
  artifactKey: Guid(c7ffbf8fb54bb1c428b3cf9b2d7e0962) Importer(815301076,1909f56bfc062723c751e8b465ee728b)
Start importing Assets/Enemy/Sprite/All_LOW_MaskStrap_Roughness.1026.png using Guid(c7ffbf8fb54bb1c428b3cf9b2d7e0962) Importer(815301076,1909f56bfc062723c751e8b465ee728b)  -> (artifact id: '28a01469b6d71912535a13a2b0196e16') in 0.022929 seconds
Number of updated asset objects reloaded before import = 0
Number of asset objects unloaded after import = 2
========================================================================
Received Import Request.
  Time since last request: 0.000019 seconds.
  path: Assets/Enemy/Sprite/All_LOW_MaskStrap_Opacity.1026.png
  artifactKey: Guid(16ee769ecb68111489bf7aba18f9eef6) Importer(815301076,1909f56bfc062723c751e8b465ee728b)
Start importing Assets/Enemy/Sprite/All_LOW_MaskStrap_Opacity.1026.png using Guid(16ee769ecb68111489bf7aba18f9eef6) Importer(815301076,1909f56bfc062723c751e8b465ee728b)  -> (artifact id: 'cb3629cea970a82185fed5680179443e') in 0.020992 seconds
Number of updated asset objects reloaded before import = 0
Number of asset objects unloaded after import = 2
========================================================================
Received Import Request.
  Time since last request: 0.000043 seconds.
  path: Assets/Enemy/Sprite/All_LOW_MaskStrap_Height.1026.png
  artifactKey: Guid(f1a6a3e20dbcdce4198dedf16bfa82bd) Importer(815301076,1909f56bfc062723c751e8b465ee728b)
Start importing Assets/Enemy/Sprite/All_LOW_MaskStrap_Height.1026.png using Guid(f1a6a3e20dbcdce4198dedf16bfa82bd) Importer(815301076,1909f56bfc062723c751e8b465ee728b)  -> (artifact id: '0564404e1a622cf4bf90dd60bad55b00') in 0.022027 seconds
Number of updated asset objects reloaded before import = 0
Number of asset objects unloaded after import = 2
========================================================================
Received Import Request.
  Time since last request: 0.000020 seconds.
  path: Assets/Enemy/Sprite/All_LOW_MaskStrap_Metallic.1026.png
  artifactKey: Guid(27fa85807f4d10c41830abbacc38a007) Importer(815301076,1909f56bfc062723c751e8b465ee728b)
Start importing Assets/Enemy/Sprite/All_LOW_MaskStrap_Metallic.1026.png using Guid(27fa85807f4d10c41830abbacc38a007) Importer(815301076,1909f56bfc062723c751e8b465ee728b)  -> (artifact id: '375f05da8489da8cabcb8b814a1396fe') in 0.021126 seconds
Number of updated asset objects reloaded before import = 0
Number of asset objects unloaded after import = 2
========================================================================
Received Import Request.
  Time since last request: 0.000056 seconds.
  path: Assets/Enemy/Sprite/All_LOW_MaskStrap_BaseColor.1026.png
  artifactKey: Guid(f33b74d77e05ced43b705fc17f94a6a7) Importer(815301076,1909f56bfc062723c751e8b465ee728b)
Start importing Assets/Enemy/Sprite/All_LOW_MaskStrap_BaseColor.1026.png using Guid(f33b74d77e05ced43b705fc17f94a6a7) Importer(815301076,1909f56bfc062723c751e8b465ee728b)  -> (artifact id: '1f0458e4c43406cc23be0bb093780470') in 0.021696 seconds
Number of updated asset objects reloaded before import = 0
Number of asset objects unloaded after import = 2
Editor requested this worker to shutdown with reason: Scaling down because of idle timeout
AssetImportWorkerClient::OnTransportError - code=2 error=End of file
AssetImportWorker is now disconnected from the server
Process exiting
Exiting without the bug reporter. Application will terminate with return code 0